{"level":"info","message":"Database connection successful; connected to: mongodb+srv://scapes:yh4blBjHBbB05nfB@cluster0.iml9lmk.mongodb.net/photosApp-demo?retryWrites=true&w=majority","service":"smoke-signal-service","time":"2024-04-21T16:19:17.034Z"}
{"code":"MODULE_NOT_FOUND","level":"error","requireStack":["C:\\Users\\noncr\\dev\\photosApp-demo\\backend\\routes\\index.js","C:\\Users\\noncr\\dev\\photosApp-demo\\backend\\loaders\\Express.js","C:\\Users\\noncr\\dev\\photosApp-demo\\backend\\server.js"],"service":"smoke-signal-service","time":"2024-04-21T16:19:17.034Z"}
{"level":"info","message":"Database connection successful; connected to: mongodb+srv://scapes:yh4blBjHBbB05nfB@cluster0.iml9lmk.mongodb.net/photosApp-demo?retryWrites=true&w=majority","service":"smoke-signal-service","time":"2024-04-21T16:20:04.351Z"}
{"code":"MODULE_NOT_FOUND","level":"error","requireStack":["C:\\Users\\noncr\\dev\\photosApp-demo\\backend\\routes\\index.js","C:\\Users\\noncr\\dev\\photosApp-demo\\backend\\loaders\\Express.js","C:\\Users\\noncr\\dev\\photosApp-demo\\backend\\server.js"],"service":"smoke-signal-service","time":"2024-04-21T16:20:04.351Z"}
{"level":"info","message":"Database connection successful; connected to: mongodb+srv://scapes:yh4blBjHBbB05nfB@cluster0.iml9lmk.mongodb.net/photosApp-demo?retryWrites=true&w=majority","service":"smoke-signal-service","time":"2024-04-21T16:21:21.626Z"}
{"level":"info","message":"Express running, now listening on port 3003","service":"smoke-signal-service","time":"2024-04-21T16:21:21.626Z"}
{"level":"info","message":"Database connection successful; connected to: mongodb+srv://scapes:yh4blBjHBbB05nfB@cluster0.iml9lmk.mongodb.net/photosApp-demo?retryWrites=true&w=majority","service":"smoke-signal-service","time":"2024-04-21T16:21:50.934Z"}
{"level":"info","message":"Express running, now listening on port 3003","service":"smoke-signal-service","time":"2024-04-21T16:21:50.934Z"}
{"level":"info","message":"Database connection successful; connected to: mongodb+srv://scapes:yh4blBjHBbB05nfB@cluster0.iml9lmk.mongodb.net/photosApp-demo?retryWrites=true&w=majority","service":"smoke-signal-service","time":"2024-04-24T06:39:33.226Z"}
{"level":"info","message":"Express running, now listening on port 3003","service":"smoke-signal-service","time":"2024-04-24T06:39:33.226Z"}
{"level":"info","message":"Database connection successful; connected to: mongodb+srv://scapes:yh4blBjHBbB05nfB@cluster0.iml9lmk.mongodb.net/photosApp-demo?retryWrites=true&w=majority","service":"smoke-signal-service","time":"2024-04-24T06:50:49.775Z"}
{"level":"info","message":"Express running, now listening on port 3003","service":"smoke-signal-service","time":"2024-04-24T06:50:49.775Z"}
{"level":"info","message":"Database connection successful; connected to: mongodb+srv://scapes:yh4blBjHBbB05nfB@cluster0.iml9lmk.mongodb.net/photosApp-demo?retryWrites=true&w=majority","service":"smoke-signal-service","time":"2024-04-24T07:03:47.271Z"}
{"level":"info","message":"Express running, now listening on port 3003","service":"smoke-signal-service","time":"2024-04-24T07:03:47.271Z"}
{"level":"info","message":"Database connection successful; connected to: mongodb+srv://scapes:yh4blBjHBbB05nfB@cluster0.iml9lmk.mongodb.net/photosApp-demo?retryWrites=true&w=majority","service":"smoke-signal-service","time":"2024-04-24T07:04:32.489Z"}
{"level":"info","message":"Express running, now listening on port 3003","service":"smoke-signal-service","time":"2024-04-24T07:04:32.489Z"}
{"level":"info","message":"Database connection successful; connected to: mongodb+srv://scapes:yh4blBjHBbB05nfB@cluster0.iml9lmk.mongodb.net/photosApp-demo?retryWrites=true&w=majority","service":"smoke-signal-service","time":"2024-04-24T07:06:11.365Z"}
{"level":"info","message":"Express running, now listening on port 3003","service":"smoke-signal-service","time":"2024-04-24T07:06:11.365Z"}
{"level":"info","message":"Database connection successful; connected to: mongodb+srv://scapes:yh4blBjHBbB05nfB@cluster0.iml9lmk.mongodb.net/photosApp-demo?retryWrites=true&w=majority","service":"smoke-signal-service","time":"2024-04-24T07:08:18.222Z"}
{"level":"info","message":"Express running, now listening on port 3003","service":"smoke-signal-service","time":"2024-04-24T07:08:18.222Z"}
{"level":"info","message":"Database connection successful; connected to: mongodb+srv://scapes:yh4blBjHBbB05nfB@cluster0.iml9lmk.mongodb.net/photosApp-demo?retryWrites=true&w=majority","service":"smoke-signal-service","time":"2024-04-24T07:09:00.158Z"}
{"level":"info","message":"Express running, now listening on port 3003","service":"smoke-signal-service","time":"2024-04-24T07:09:00.158Z"}
{"level":"error","message":"{\"expose\":true,\"statusCode\":400,\"status\":400,\"body\":\"{\\r\\n    \\\"username\\\": \\\"newUser\\\",\\r\\n    \\\"email\\\": \\\"user@mail.com\\\",\\r\\n    \\\"password\\\": \\\"123123123\\\",\\r\\n}\",\"type\":\"entity.parse.failed\"}","service":"smoke-signal-service","time":"2024-04-24T07:09:00.158Z"}
{"level":"error","message":"{\"expose\":true,\"statusCode\":400,\"status\":400,\"body\":\"{\\r\\n    \\\"username\\\": \\\"newUser\\\",\\r\\n    \\\"email\\\": \\\"user@mail.com\\\",\\r\\n    \\\"password\\\": \\\"123123123\\\",\\r\\n}\",\"type\":\"entity.parse.failed\"}","service":"smoke-signal-service","time":"2024-04-24T07:09:00.158Z"}
{"level":"info","message":"Database connection successful; connected to: mongodb+srv://scapes:yh4blBjHBbB05nfB@cluster0.iml9lmk.mongodb.net/photosApp-demo?retryWrites=true&w=majority","service":"smoke-signal-service","time":"2024-04-24T07:10:03.459Z"}
{"level":"info","message":"Express running, now listening on port 3003","service":"smoke-signal-service","time":"2024-04-24T07:10:03.459Z"}
{"level":"info","message":"Database connection successful; connected to: mongodb+srv://scapes:yh4blBjHBbB05nfB@cluster0.iml9lmk.mongodb.net/photosApp-demo?retryWrites=true&w=majority","service":"smoke-signal-service","time":"2024-04-24T07:13:06.368Z"}
{"level":"info","message":"Express running, now listening on port 3003","service":"smoke-signal-service","time":"2024-04-24T07:13:06.368Z"}
{"level":"info","message":"Database connection successful; connected to: mongodb+srv://scapes:yh4blBjHBbB05nfB@cluster0.iml9lmk.mongodb.net/photosApp-demo?retryWrites=true&w=majority","service":"smoke-signal-service","time":"2024-04-24T07:14:32.386Z"}
{"level":"info","message":"Express running, now listening on port 3003","service":"smoke-signal-service","time":"2024-04-24T07:14:32.386Z"}
{"level":"info","message":"Database connection successful; connected to: mongodb+srv://scapes:yh4blBjHBbB05nfB@cluster0.iml9lmk.mongodb.net/photosApp-demo?retryWrites=true&w=majority","service":"smoke-signal-service","time":"2024-04-24T07:15:03.579Z"}
{"level":"info","message":"Express running, now listening on port 3003","service":"smoke-signal-service","time":"2024-04-24T07:15:03.579Z"}
{"level":"info","message":"Database connection successful; connected to: mongodb+srv://scapes:yh4blBjHBbB05nfB@cluster0.iml9lmk.mongodb.net/photosApp-demo?retryWrites=true&w=majority","service":"smoke-signal-service","time":"2024-04-24T07:16:06.435Z"}
{"level":"info","message":"Express running, now listening on port 3003","service":"smoke-signal-service","time":"2024-04-24T07:16:06.435Z"}
{"level":"info","message":"Database connection successful; connected to: mongodb+srv://scapes:yh4blBjHBbB05nfB@cluster0.iml9lmk.mongodb.net/photosApp-demo?retryWrites=true&w=majority","service":"smoke-signal-service","time":"2024-04-24T07:16:18.860Z"}
{"level":"info","message":"Express running, now listening on port 3003","service":"smoke-signal-service","time":"2024-04-24T07:16:18.860Z"}
{"level":"info","message":"Database connection successful; connected to: mongodb+srv://scapes:yh4blBjHBbB05nfB@cluster0.iml9lmk.mongodb.net/photosApp-demo?retryWrites=true&w=majority","service":"smoke-signal-service","time":"2024-04-24T07:16:45.595Z"}
{"level":"info","message":"Express running, now listening on port 3003","service":"smoke-signal-service","time":"2024-04-24T07:16:45.595Z"}
{"level":"info","message":"Database connection successful; connected to: mongodb+srv://scapes:yh4blBjHBbB05nfB@cluster0.iml9lmk.mongodb.net/photosApp-demo?retryWrites=true&w=majority","service":"smoke-signal-service","time":"2024-04-24T07:22:04.647Z"}
{"level":"info","message":"Express running, now listening on port 3003","service":"smoke-signal-service","time":"2024-04-24T07:22:04.647Z"}
{"level":"info","message":"Database connection successful; connected to: mongodb+srv://scapes:yh4blBjHBbB05nfB@cluster0.iml9lmk.mongodb.net/photosApp-demo?retryWrites=true&w=majority","service":"smoke-signal-service","time":"2024-04-24T07:24:14.054Z"}
{"level":"info","message":"Express running, now listening on port 3003","service":"smoke-signal-service","time":"2024-04-24T07:24:14.054Z"}
{"level":"info","message":"Database connection successful; connected to: mongodb+srv://scapes:yh4blBjHBbB05nfB@cluster0.iml9lmk.mongodb.net/photosApp-demo?retryWrites=true&w=majority","service":"smoke-signal-service","time":"2024-04-24T07:24:56.903Z"}
{"level":"info","message":"Express running, now listening on port 3003","service":"smoke-signal-service","time":"2024-04-24T07:24:56.903Z"}
{"level":"info","message":"Database connection successful; connected to: mongodb+srv://scapes:yh4blBjHBbB05nfB@cluster0.iml9lmk.mongodb.net/photosApp-demo?retryWrites=true&w=majority","service":"smoke-signal-service","time":"2024-04-24T07:25:07.412Z"}
{"level":"info","message":"Express running, now listening on port 3003","service":"smoke-signal-service","time":"2024-04-24T07:25:07.412Z"}
{"level":"info","message":"Database connection successful; connected to: mongodb+srv://scapes:yh4blBjHBbB05nfB@cluster0.iml9lmk.mongodb.net/photosApp-demo?retryWrites=true&w=majority","service":"smoke-signal-service","time":"2024-04-24T07:28:52.511Z"}
{"level":"info","message":"Express running, now listening on port 3003","service":"smoke-signal-service","time":"2024-04-24T07:28:52.511Z"}
{"level":"info","message":"Database connection successful; connected to: mongodb+srv://scapes:yh4blBjHBbB05nfB@cluster0.iml9lmk.mongodb.net/photosApp-demo?retryWrites=true&w=majority","service":"smoke-signal-service","time":"2024-04-24T07:33:13.708Z"}
{"level":"error","service":"smoke-signal-service","time":"2024-04-24T07:33:13.708Z"}
{"level":"info","message":"Database connection successful; connected to: mongodb+srv://scapes:yh4blBjHBbB05nfB@cluster0.iml9lmk.mongodb.net/photosApp-demo?retryWrites=true&w=majority","service":"smoke-signal-service","time":"2024-04-24T07:33:26.315Z"}
{"level":"info","message":"Express running, now listening on port 3003","service":"smoke-signal-service","time":"2024-04-24T07:33:26.315Z"}
{"level":"info","message":"Database connection successful; connected to: mongodb+srv://scapes:yh4blBjHBbB05nfB@cluster0.iml9lmk.mongodb.net/photosApp-demo?retryWrites=true&w=majority","service":"smoke-signal-service","time":"2024-04-24T07:33:33.541Z"}
{"level":"info","message":"Express running, now listening on port 3003","service":"smoke-signal-service","time":"2024-04-24T07:33:33.541Z"}
{"level":"info","message":"Database connection successful; connected to: mongodb+srv://scapes:yh4blBjHBbB05nfB@cluster0.iml9lmk.mongodb.net/photosApp-demo?retryWrites=true&w=majority","service":"smoke-signal-service","time":"2024-04-24T07:34:16.402Z"}
{"level":"info","message":"Express running, now listening on port 3003","service":"smoke-signal-service","time":"2024-04-24T07:34:16.402Z"}
{"level":"info","message":"Database connection successful; connected to: mongodb+srv://scapes:yh4blBjHBbB05nfB@cluster0.iml9lmk.mongodb.net/photosApp-demo?retryWrites=true&w=majority","service":"smoke-signal-service","time":"2024-04-24T07:34:58.231Z"}
{"level":"info","message":"Express running, now listening on port 3003","service":"smoke-signal-service","time":"2024-04-24T07:34:58.231Z"}
{"level":"info","message":"Database connection successful; connected to: mongodb+srv://scapes:yh4blBjHBbB05nfB@cluster0.iml9lmk.mongodb.net/photosApp-demo?retryWrites=true&w=majority","service":"smoke-signal-service","time":"2024-04-24T07:35:24.136Z"}
{"level":"info","message":"Express running, now listening on port 3003","service":"smoke-signal-service","time":"2024-04-24T07:35:24.136Z"}
{"level":"info","message":"Database connection successful; connected to: mongodb+srv://scapes:yh4blBjHBbB05nfB@cluster0.iml9lmk.mongodb.net/photosApp-demo?retryWrites=true&w=majority","service":"smoke-signal-service","time":"2024-04-24T07:38:46.512Z"}
{"level":"info","message":"Express running, now listening on port 3003","service":"smoke-signal-service","time":"2024-04-24T07:38:46.512Z"}
{"level":"info","message":"Database connection successful; connected to: mongodb+srv://scapes:yh4blBjHBbB05nfB@cluster0.iml9lmk.mongodb.net/photosApp-demo?retryWrites=true&w=majority","service":"smoke-signal-service","time":"2024-04-24T07:39:01.980Z"}
{"level":"info","message":"Express running, now listening on port 3003","service":"smoke-signal-service","time":"2024-04-24T07:39:01.980Z"}
{"level":"info","message":"Database connection successful; connected to: mongodb+srv://scapes:yh4blBjHBbB05nfB@cluster0.iml9lmk.mongodb.net/photosApp-demo?retryWrites=true&w=majority","service":"smoke-signal-service","time":"2024-04-24T09:15:33.750Z"}
{"level":"info","message":"Express running, now listening on port 3003","service":"smoke-signal-service","time":"2024-04-24T09:15:33.750Z"}
{"level":"info","message":"Database connection successful; connected to: mongodb+srv://scapes:yh4blBjHBbB05nfB@cluster0.iml9lmk.mongodb.net/photosApp-demo?retryWrites=true&w=majority","service":"smoke-signal-service","time":"2024-04-24T09:16:29.106Z"}
{"level":"info","message":"Express running, now listening on port 3003","service":"smoke-signal-service","time":"2024-04-24T09:16:29.106Z"}
{"level":"info","message":"Database connection successful; connected to: mongodb+srv://scapes:yh4blBjHBbB05nfB@cluster0.iml9lmk.mongodb.net/photosApp-demo?retryWrites=true&w=majority","service":"smoke-signal-service","time":"2024-04-24T09:18:05.672Z"}
{"level":"info","message":"Express running, now listening on port 3003","service":"smoke-signal-service","time":"2024-04-24T09:18:05.672Z"}
{"level":"info","message":"Database connection successful; connected to: mongodb+srv://scapes:yh4blBjHBbB05nfB@cluster0.iml9lmk.mongodb.net/photosApp-demo?retryWrites=true&w=majority","service":"smoke-signal-service","time":"2024-04-24T09:18:28.469Z"}
{"level":"info","message":"Express running, now listening on port 3003","service":"smoke-signal-service","time":"2024-04-24T09:18:28.469Z"}
{"level":"info","message":"Database connection successful; connected to: mongodb+srv://scapes:yh4blBjHBbB05nfB@cluster0.iml9lmk.mongodb.net/photosApp-demo?retryWrites=true&w=majority","service":"smoke-signal-service","time":"2024-04-24T09:18:55.331Z"}
{"level":"info","message":"Express running, now listening on port 3003","service":"smoke-signal-service","time":"2024-04-24T09:18:55.331Z"}
{"level":"info","message":"Database connection successful; connected to: mongodb+srv://scapes:yh4blBjHBbB05nfB@cluster0.iml9lmk.mongodb.net/photosApp-demo?retryWrites=true&w=majority","service":"smoke-signal-service","time":"2024-04-24T09:19:26.860Z"}
{"level":"info","message":"Express running, now listening on port 3003","service":"smoke-signal-service","time":"2024-04-24T09:19:26.860Z"}
{"level":"info","message":"Database connection successful; connected to: mongodb+srv://scapes:yh4blBjHBbB05nfB@cluster0.iml9lmk.mongodb.net/photosApp-demo?retryWrites=true&w=majority","service":"smoke-signal-service","time":"2024-04-24T09:26:53.875Z"}
{"level":"info","message":"Express running, now listening on port 3003","service":"smoke-signal-service","time":"2024-04-24T09:26:53.875Z"}
{"level":"info","message":"Database connection successful; connected to: mongodb+srv://scapes:yh4blBjHBbB05nfB@cluster0.iml9lmk.mongodb.net/photosApp-demo?retryWrites=true&w=majority","service":"smoke-signal-service","time":"2024-04-24T09:27:11.534Z"}
{"level":"info","message":"Express running, now listening on port 3003","service":"smoke-signal-service","time":"2024-04-24T09:27:11.534Z"}
{"level":"info","message":"Database connection successful; connected to: mongodb+srv://scapes:yh4blBjHBbB05nfB@cluster0.iml9lmk.mongodb.net/photosApp-demo?retryWrites=true&w=majority","service":"smoke-signal-service","time":"2024-04-24T09:28:27.707Z"}
{"level":"info","message":"Express running, now listening on port 3003","service":"smoke-signal-service","time":"2024-04-24T09:28:27.707Z"}
{"level":"info","message":"Database connection successful; connected to: mongodb+srv://scapes:yh4blBjHBbB05nfB@cluster0.iml9lmk.mongodb.net/photosApp-demo?retryWrites=true&w=majority","service":"smoke-signal-service","time":"2024-04-24T09:31:30.130Z"}
{"level":"info","message":"Express running, now listening on port 3003","service":"smoke-signal-service","time":"2024-04-24T09:31:30.130Z"}
{"level":"error","message":"{\"expose\":true,\"statusCode\":400,\"status\":400,\"body\":\"{\\r\\n    \\\"email\\\":\\\"admin@admin.com\\\",\\r\\n\\r\\n}\",\"type\":\"entity.parse.failed\"}","service":"smoke-signal-service","time":"2024-04-24T09:31:30.130Z"}
{"level":"info","message":"Database connection successful; connected to: mongodb+srv://scapes:yh4blBjHBbB05nfB@cluster0.iml9lmk.mongodb.net/photosApp-demo?retryWrites=true&w=majority","service":"smoke-signal-service","time":"2024-04-24T09:45:15.125Z"}
{"level":"info","message":"Express running, now listening on port 3003","service":"smoke-signal-service","time":"2024-04-24T09:45:15.125Z"}
{"level":"info","message":"Database connection successful; connected to: mongodb+srv://scapes:yh4blBjHBbB05nfB@cluster0.iml9lmk.mongodb.net/photosApp-demo?retryWrites=true&w=majority","service":"smoke-signal-service","time":"2024-04-24T09:45:53.734Z"}
{"level":"error","service":"smoke-signal-service","time":"2024-04-24T09:45:53.734Z"}
{"level":"info","message":"Database connection successful; connected to: mongodb+srv://scapes:yh4blBjHBbB05nfB@cluster0.iml9lmk.mongodb.net/photosApp-demo?retryWrites=true&w=majority","service":"smoke-signal-service","time":"2024-04-24T09:46:06.881Z"}
{"level":"info","message":"Express running, now listening on port 3003","service":"smoke-signal-service","time":"2024-04-24T09:46:06.881Z"}
{"level":"info","message":"Database connection successful; connected to: mongodb+srv://scapes:yh4blBjHBbB05nfB@cluster0.iml9lmk.mongodb.net/photosApp-demo?retryWrites=true&w=majority","service":"smoke-signal-service","time":"2024-04-24T09:49:53.480Z"}
{"level":"info","message":"Express running, now listening on port 3003","service":"smoke-signal-service","time":"2024-04-24T09:49:53.480Z"}
{"level":"info","message":"Database connection successful; connected to: mongodb+srv://scapes:yh4blBjHBbB05nfB@cluster0.iml9lmk.mongodb.net/photosApp-demo?retryWrites=true&w=majority","service":"smoke-signal-service","time":"2024-04-24T10:11:25.045Z"}
{"level":"info","message":"Express running, now listening on port 3003","service":"smoke-signal-service","time":"2024-04-24T10:11:25.045Z"}
{"level":"info","message":"Database connection successful; connected to: mongodb+srv://scapes:yh4blBjHBbB05nfB@cluster0.iml9lmk.mongodb.net/photosApp-demo?retryWrites=true&w=majority","service":"smoke-signal-service","time":"2024-04-24T10:17:22.710Z"}
{"level":"info","message":"Express running, now listening on port 3003","service":"smoke-signal-service","time":"2024-04-24T10:17:22.710Z"}
{"level":"info","message":"Database connection successful; connected to: mongodb+srv://scapes:yh4blBjHBbB05nfB@cluster0.iml9lmk.mongodb.net/photosApp-demo?retryWrites=true&w=majority","service":"smoke-signal-service","time":"2024-04-24T10:17:40.692Z"}
{"level":"info","message":"Express running, now listening on port 3003","service":"smoke-signal-service","time":"2024-04-24T10:17:40.692Z"}
{"level":"info","message":"Database connection successful; connected to: mongodb+srv://scapes:yh4blBjHBbB05nfB@cluster0.iml9lmk.mongodb.net/photosApp-demo?retryWrites=true&w=majority","service":"smoke-signal-service","time":"2024-04-24T10:18:10.134Z"}
{"level":"info","message":"Express running, now listening on port 3003","service":"smoke-signal-service","time":"2024-04-24T10:18:10.134Z"}
{"level":"info","message":"Database connection successful; connected to: mongodb+srv://scapes:yh4blBjHBbB05nfB@cluster0.iml9lmk.mongodb.net/photosApp-demo?retryWrites=true&w=majority","service":"smoke-signal-service","time":"2024-04-24T10:19:43.610Z"}
{"level":"info","message":"Express running, now listening on port 3003","service":"smoke-signal-service","time":"2024-04-24T10:19:43.610Z"}
{"level":"info","message":"Database connection successful; connected to: mongodb+srv://scapes:yh4blBjHBbB05nfB@cluster0.iml9lmk.mongodb.net/photosApp-demo?retryWrites=true&w=majority","service":"smoke-signal-service","time":"2024-04-24T10:22:37.712Z"}
{"level":"info","message":"Express running, now listening on port 3003","service":"smoke-signal-service","time":"2024-04-24T10:22:37.712Z"}
{"level":"info","message":"Database connection successful; connected to: mongodb+srv://scapes:yh4blBjHBbB05nfB@cluster0.iml9lmk.mongodb.net/photosApp-demo?retryWrites=true&w=majority","service":"smoke-signal-service","time":"2024-04-24T10:24:10.146Z"}
{"level":"info","message":"Express running, now listening on port 3003","service":"smoke-signal-service","time":"2024-04-24T10:24:10.146Z"}
{"level":"info","message":"Database connection successful; connected to: mongodb+srv://scapes:yh4blBjHBbB05nfB@cluster0.iml9lmk.mongodb.net/photosApp-demo?retryWrites=true&w=majority","service":"smoke-signal-service","time":"2024-04-24T10:25:32.967Z"}
{"level":"info","message":"Express running, now listening on port 3003","service":"smoke-signal-service","time":"2024-04-24T10:25:32.967Z"}
{"level":"info","message":"Database connection successful; connected to: mongodb+srv://scapes:yh4blBjHBbB05nfB@cluster0.iml9lmk.mongodb.net/photosApp-demo?retryWrites=true&w=majority","service":"smoke-signal-service","time":"2024-04-24T10:27:28.720Z"}
{"level":"info","message":"Express running, now listening on port 3003","service":"smoke-signal-service","time":"2024-04-24T10:27:28.720Z"}
{"level":"info","message":"Database connection successful; connected to: mongodb+srv://scapes:yh4blBjHBbB05nfB@cluster0.iml9lmk.mongodb.net/photosApp-demo?retryWrites=true&w=majority","service":"smoke-signal-service","time":"2024-04-24T10:28:40.756Z"}
{"level":"info","message":"Express running, now listening on port 3003","service":"smoke-signal-service","time":"2024-04-24T10:28:40.756Z"}
{"level":"info","message":"Database connection successful; connected to: mongodb+srv://scapes:yh4blBjHBbB05nfB@cluster0.iml9lmk.mongodb.net/photosApp-demo?retryWrites=true&w=majority","service":"smoke-signal-service","time":"2024-04-24T10:29:48.679Z"}
{"level":"info","message":"Express running, now listening on port 3003","service":"smoke-signal-service","time":"2024-04-24T10:29:48.679Z"}
{"level":"info","message":"Database connection successful; connected to: mongodb+srv://scapes:yh4blBjHBbB05nfB@cluster0.iml9lmk.mongodb.net/photosApp-demo?retryWrites=true&w=majority","service":"smoke-signal-service","time":"2024-04-24T10:30:24.808Z"}
{"level":"info","message":"Express running, now listening on port 3003","service":"smoke-signal-service","time":"2024-04-24T10:30:24.808Z"}
{"level":"error","message":"{\"expose\":true,\"statusCode\":400,\"status\":400,\"body\":\"{\\r\\n    \\\"email\\\":\\\"secondUser@mail.com\\\",\\r\\n    \\\"password\\\":\\\"admin\\\",\\r\\n    \\\"username\\\": \\\"secondUser\\\",\\r\\n}\",\"type\":\"entity.parse.failed\"}","service":"smoke-signal-service","time":"2024-04-24T10:30:24.808Z"}
{"level":"info","message":"Database connection successful; connected to: mongodb+srv://scapes:yh4blBjHBbB05nfB@cluster0.iml9lmk.mongodb.net/photosApp-demo?retryWrites=true&w=majority","service":"smoke-signal-service","time":"2024-04-24T10:33:08.758Z"}
{"level":"info","message":"Express running, now listening on port 3003","service":"smoke-signal-service","time":"2024-04-24T10:33:08.758Z"}
{"level":"info","message":"Database connection successful; connected to: mongodb+srv://scapes:yh4blBjHBbB05nfB@cluster0.iml9lmk.mongodb.net/photosApp-demo?retryWrites=true&w=majority","service":"smoke-signal-service","time":"2024-04-24T10:34:36.819Z"}
{"level":"info","message":"Express running, now listening on port 3003","service":"smoke-signal-service","time":"2024-04-24T10:34:36.819Z"}
{"level":"info","message":"Database connection successful; connected to: mongodb+srv://scapes:yh4blBjHBbB05nfB@cluster0.iml9lmk.mongodb.net/photosApp-demo?retryWrites=true&w=majority","service":"smoke-signal-service","time":"2024-04-24T10:35:09.846Z"}
{"level":"info","message":"Express running, now listening on port 3003","service":"smoke-signal-service","time":"2024-04-24T10:35:09.846Z"}
{"level":"info","message":"Database connection successful; connected to: mongodb+srv://scapes:yh4blBjHBbB05nfB@cluster0.iml9lmk.mongodb.net/photosApp-demo?retryWrites=true&w=majority","service":"smoke-signal-service","time":"2024-04-24T10:35:24.082Z"}
{"level":"info","message":"Express running, now listening on port 3003","service":"smoke-signal-service","time":"2024-04-24T10:35:24.082Z"}
{"level":"info","message":"Database connection successful; connected to: mongodb+srv://scapes:yh4blBjHBbB05nfB@cluster0.iml9lmk.mongodb.net/photosApp-demo?retryWrites=true&w=majority","service":"smoke-signal-service","time":"2024-04-24T10:35:56.586Z"}
{"level":"info","message":"Express running, now listening on port 3003","service":"smoke-signal-service","time":"2024-04-24T10:35:56.586Z"}
{"level":"info","message":"Database connection successful; connected to: mongodb+srv://scapes:yh4blBjHBbB05nfB@cluster0.iml9lmk.mongodb.net/photosApp-demo?retryWrites=true&w=majority","service":"smoke-signal-service","time":"2024-04-24T10:36:24.476Z"}
{"level":"info","message":"Express running, now listening on port 3003","service":"smoke-signal-service","time":"2024-04-24T10:36:24.476Z"}
{"level":"info","message":"Database connection successful; connected to: mongodb+srv://scapes:yh4blBjHBbB05nfB@cluster0.iml9lmk.mongodb.net/photosApp-demo?retryWrites=true&w=majority","service":"smoke-signal-service","time":"2024-04-24T10:37:19.650Z"}
{"level":"info","message":"Express running, now listening on port 3003","service":"smoke-signal-service","time":"2024-04-24T10:37:19.650Z"}
{"level":"info","message":"Database connection successful; connected to: mongodb+srv://scapes:yh4blBjHBbB05nfB@cluster0.iml9lmk.mongodb.net/photosApp-demo?retryWrites=true&w=majority","service":"smoke-signal-service","time":"2024-04-24T10:39:10.596Z"}
{"level":"info","message":"Express running, now listening on port 3003","service":"smoke-signal-service","time":"2024-04-24T10:39:10.596Z"}
{"level":"info","message":"Database connection successful; connected to: mongodb+srv://scapes:yh4blBjHBbB05nfB@cluster0.iml9lmk.mongodb.net/photosApp-demo?retryWrites=true&w=majority","service":"smoke-signal-service","time":"2024-04-24T10:40:59.459Z"}
{"level":"info","message":"Express running, now listening on port 3003","service":"smoke-signal-service","time":"2024-04-24T10:40:59.459Z"}
{"level":"info","message":"Database connection successful; connected to: mongodb+srv://scapes:yh4blBjHBbB05nfB@cluster0.iml9lmk.mongodb.net/photosApp-demo?retryWrites=true&w=majority","service":"smoke-signal-service","time":"2024-04-24T10:41:29.099Z"}
{"level":"info","message":"Express running, now listening on port 3003","service":"smoke-signal-service","time":"2024-04-24T10:41:29.099Z"}
